Indexing opening suite...
Started game 1 of 20 (ChessAI-D1 vs SF-1500)
Finished game 1 (ChessAI-D1 vs SF-1500): 0-1 {Black mates}
Started game 2 of 20 (SF-1500 vs ChessAI-D1)
Finished game 2 (SF-1500 vs ChessAI-D1): 1-0 {White mates}
Started game 3 of 20 (ChessAI-D1 vs SF-1500)
Finished game 3 (ChessAI-D1 vs SF-1500): 0-1 {Black mates}
Started game 4 of 20 (SF-1500 vs ChessAI-D1)
Finished game 4 (SF-1500 vs ChessAI-D1): 1/2-1/2 {Draw by 3-fold repetition}
Started game 5 of 20 (ChessAI-D1 vs SF-1500)
Finished game 5 (ChessAI-D1 vs SF-1500): 0-1 {Black mates}
Started game 6 of 20 (SF-1500 vs ChessAI-D1)
Finished game 6 (SF-1500 vs ChessAI-D1): 1-0 {White mates}
Started game 7 of 20 (ChessAI-D1 vs SF-1500)
Finished game 7 (ChessAI-D1 vs SF-1500): 1/2-1/2 {Draw by stalemate}
Started game 8 of 20 (SF-1500 vs ChessAI-D1)
Finished game 8 (SF-1500 vs ChessAI-D1): 1-0 {White mates}
Started game 9 of 20 (ChessAI-D1 vs SF-1500)
Finished game 9 (ChessAI-D1 vs SF-1500): 0-1 {Black mates}
Started game 10 of 20 (SF-1500 vs ChessAI-D1)
Finished game 10 (SF-1500 vs ChessAI-D1): 1-0 {White mates}
Started game 11 of 20 (ChessAI-D1 vs SF-1500)
Finished game 11 (ChessAI-D1 vs SF-1500): 0-1 {Black mates}
Started game 12 of 20 (SF-1500 vs ChessAI-D1)
Finished game 12 (SF-1500 vs ChessAI-D1): 1-0 {White mates}
Started game 13 of 20 (ChessAI-D1 vs SF-1500)
Finished game 13 (ChessAI-D1 vs SF-1500): 0-1 {Black mates}
Started game 14 of 20 (SF-1500 vs ChessAI-D1)
Finished game 14 (SF-1500 vs ChessAI-D1): 1-0 {White mates}
Started game 15 of 20 (ChessAI-D1 vs SF-1500)
Finished game 15 (ChessAI-D1 vs SF-1500): 1-0 {White mates}
Started game 16 of 20 (SF-1500 vs ChessAI-D1)
Finished game 16 (SF-1500 vs ChessAI-D1): 1-0 {White mates}
Started game 17 of 20 (ChessAI-D1 vs SF-1500)
Finished game 17 (ChessAI-D1 vs SF-1500): 0-1 {Black mates}
Started game 18 of 20 (SF-1500 vs ChessAI-D1)
Finished game 18 (SF-1500 vs ChessAI-D1): 1-0 {White mates}
Started game 19 of 20 (ChessAI-D1 vs SF-1500)
Finished game 19 (ChessAI-D1 vs SF-1500): 0-1 {Black mates}
Started game 20 of 20 (SF-1500 vs ChessAI-D1)
Finished game 20 (SF-1500 vs ChessAI-D1): 1-0 {White mates}
--------------------------------------------------
Results of ChessAI-D1 vs SF-1500 (5+0.05, NULL - 1t, NULL - 16MB, opening_suite.epd):
Elo: -381.70 +/- nan, nElo: -592.59 +/- 152.27
LOS: 0.00 %, DrawRatio: 10.00 %, PairsRatio: 0.00
Games: 20, Wins: 1, Losses: 17, Draws: 2, Points: 2.0 (10.00 %)
Ptnml(0-2): [7, 2, 1, 0, 0], WL/DD Ratio: inf
--------------------------------------------------
Finished match
Total Time: 00:02:10 (hours:minutes:seconds)

